#! /usr/bin/vvp
:ivl_version "10.3 (stable)";
:ivl_delay_selection "TYPICAL";
:vpi_time_precision - 12;
:vpi_module "system";
:vpi_module "vhdl_sys";
:vpi_module "v2005_math";
:vpi_module "va_math";
S_0x55f6c2adb500 .scope module, "avsddac_tb_test" "avsddac_tb_test" 2 3;
 .timescale -9 -12;
v0x55f6c2af1950_0 .var "D", 9 0;
v0x55f6c2af1a30_0 .var "EN", 0 0;
v0x55f6c2af1ad0_0 .net/real "OUT", 0 0, v0x55f6c2af1560_0;  1 drivers
v0x55f6c2af1b70_0 .var/real "VREFH", 0 0;
v0x55f6c2af1c40_0 .var/real "VREFL", 0 0;
S_0x55f6c2adb680 .scope module, "uut" "avsddac" 2 9, 3 2 0, S_0x55f6c2adb500;
 .timescale 0 0;
    .port_info 0 /OUTPUT 1 "OUT"
    .port_info 1 /INPUT 10 "D"
    .port_info 2 /INPUT 1 "VREFH"
    .port_info 3 /INPUT 1 "VREFL"
v0x55f6c2aa00a0_0 .net "D", 9 0, v0x55f6c2af1950_0;  1 drivers
v0x55f6c2af1320_0 .net "Dext", 10 0, L_0x55f6c2af1d60;  1 drivers
L_0x7eff7c0fd060 .functor BUFT 1, C4<1>, C4<0>, C4<0>, C4<0>;
v0x55f6c2af1400_0 .net "EN", 0 0, L_0x7eff7c0fd060;  1 drivers
v0x55f6c2af14a0_0 .var/real "NaN", 0 0;
v0x55f6c2af1560_0 .var/real "OUT", 0 0;
v0x55f6c2af1670_0 .net/real "VREFH", 0 0, v0x55f6c2af1b70_0;  1 drivers
v0x55f6c2af1730_0 .net/real "VREFL", 0 0, v0x55f6c2af1c40_0;  1 drivers
L_0x7eff7c0fd018 .functor BUFT 1, C4<0>, C4<0>, C4<0>, C4<0>;
v0x55f6c2af17f0_0 .net/2u *"_s0", 0 0, L_0x7eff7c0fd018;  1 drivers
E_0x55f6c2ad5710 .event edge, v0x55f6c2af1730_0, v0x55f6c2af1670_0, v0x55f6c2af1400_0, v0x55f6c2aa00a0_0;
L_0x55f6c2af1d60 .concat [ 10 1 0 0], v0x55f6c2af1950_0, L_0x7eff7c0fd018;
    .scope S_0x55f6c2adb680;
T_0 ;
    %pushi/real 1, 16383; load=NaN
    %store/real v0x55f6c2af14a0_0;
    %load/vec4 v0x55f6c2af1400_0;
    %cmpi/e 0, 0, 1;
    %jmp/0xz  T_0.0, 4;
    %pushi/real 0, 4065; load=0.00000
    %assign/wr v0x55f6c2af1560_0, 0;
    %jmp T_0.1;
T_0.0 ;
    %load/real v0x55f6c2af1670_0;
    %load/real v0x55f6c2af14a0_0;
    %cmp/wr;
    %flag_get/vec4 4;
    %flag_set/vec4 8;
    %jmp/0xz  T_0.2, 8;
    %load/real v0x55f6c2af14a0_0;
    %assign/wr v0x55f6c2af1560_0, 0;
    %jmp T_0.3;
T_0.2 ;
    %load/real v0x55f6c2af1730_0;
    %load/real v0x55f6c2af14a0_0;
    %cmp/wr;
    %flag_get/vec4 4;
    %flag_set/vec4 8;
    %jmp/0xz  T_0.4, 8;
    %load/real v0x55f6c2af14a0_0;
    %assign/wr v0x55f6c2af1560_0, 0;
    %jmp T_0.5;
T_0.4 ;
    %load/vec4 v0x55f6c2af1400_0;
    %cmpi/e 1, 0, 1;
    %jmp/0xz  T_0.6, 4;
    %load/real v0x55f6c2af1730_0;
    %vpi_func/r 3 29 "$itor", v0x55f6c2af1320_0 {0 0 0};
    %pushi/real 2145386496, 4075; load=1023.00
    %div/wr;
    %load/real v0x55f6c2af1670_0;
    %load/real v0x55f6c2af1730_0;
    %sub/wr;
    %mul/wr;
    %add/wr;
    %assign/wr v0x55f6c2af1560_0, 0;
    %jmp T_0.7;
T_0.6 ;
    %load/real v0x55f6c2af14a0_0;
    %assign/wr v0x55f6c2af1560_0, 0;
T_0.7 ;
T_0.5 ;
T_0.3 ;
T_0.1 ;
    %end;
    .thread T_0;
    .scope S_0x55f6c2adb680;
T_1 ;
    %wait E_0x55f6c2ad5710;
    %load/vec4 v0x55f6c2af1400_0;
    %cmpi/e 0, 0, 1;
    %jmp/0xz  T_1.0, 4;
    %pushi/real 0, 4065; load=0.00000
    %assign/wr v0x55f6c2af1560_0, 0;
    %jmp T_1.1;
T_1.0 ;
    %load/real v0x55f6c2af1670_0;
    %load/real v0x55f6c2af14a0_0;
    %cmp/wr;
    %flag_get/vec4 4;
    %flag_set/vec4 8;
    %jmp/0xz  T_1.2, 8;
    %load/real v0x55f6c2af14a0_0;
    %assign/wr v0x55f6c2af1560_0, 0;
    %jmp T_1.3;
T_1.2 ;
    %load/real v0x55f6c2af1730_0;
    %load/real v0x55f6c2af14a0_0;
    %cmp/wr;
    %flag_get/vec4 4;
    %flag_set/vec4 8;
    %jmp/0xz  T_1.4, 8;
    %load/real v0x55f6c2af14a0_0;
    %assign/wr v0x55f6c2af1560_0, 0;
    %jmp T_1.5;
T_1.4 ;
    %load/vec4 v0x55f6c2af1400_0;
    %cmpi/e 1, 0, 1;
    %jmp/0xz  T_1.6, 4;
    %load/real v0x55f6c2af1730_0;
    %vpi_func/r 3 43 "$itor", v0x55f6c2af1320_0 {0 0 0};
    %pushi/real 2145386496, 4075; load=1023.00
    %div/wr;
    %load/real v0x55f6c2af1670_0;
    %load/real v0x55f6c2af1730_0;
    %sub/wr;
    %mul/wr;
    %add/wr;
    %assign/wr v0x55f6c2af1560_0, 0;
    %jmp T_1.7;
T_1.6 ;
    %load/real v0x55f6c2af14a0_0;
    %assign/wr v0x55f6c2af1560_0, 0;
T_1.7 ;
T_1.5 ;
T_1.3 ;
T_1.1 ;
    %jmp T_1;
    .thread T_1, $push;
    .scope S_0x55f6c2adb500;
T_2 ;
    %pushi/vec4 0, 0, 1;
    %store/vec4 v0x55f6c2af1a30_0, 0, 1;
    %delay 5000, 0;
    %pushi/vec4 1, 0, 1;
    %store/vec4 v0x55f6c2af1a30_0, 0, 1;
    %end;
    .thread T_2;
    .scope S_0x55f6c2adb500;
T_3 ;
    %pushi/real 1771674009, 4067; load=3.30000
    %pushi/real 2516582, 4045; load=3.30000
    %add/wr;
    %store/real v0x55f6c2af1b70_0;
    %pushi/real 0, 4065; load=0.00000
    %store/real v0x55f6c2af1c40_0;
    %end;
    .thread T_3;
    .scope S_0x55f6c2adb500;
T_4 ;
    %delay 10000, 0;
    %pushi/vec4 1018, 0, 10;
    %store/vec4 v0x55f6c2af1950_0, 0, 10;
    %delay 10000, 0;
    %pushi/vec4 1019, 0, 10;
    %store/vec4 v0x55f6c2af1950_0, 0, 10;
    %delay 10000, 0;
    %pushi/vec4 1020, 0, 10;
    %store/vec4 v0x55f6c2af1950_0, 0, 10;
    %delay 10000, 0;
    %pushi/vec4 1021, 0, 10;
    %store/vec4 v0x55f6c2af1950_0, 0, 10;
    %delay 10000, 0;
    %pushi/vec4 1022, 0, 10;
    %store/vec4 v0x55f6c2af1950_0, 0, 10;
    %delay 10000, 0;
    %pushi/vec4 1023, 0, 10;
    %store/vec4 v0x55f6c2af1950_0, 0, 10;
    %end;
    .thread T_4;
    .scope S_0x55f6c2adb500;
T_5 ;
    %vpi_call 2 35 "$dumpfile", "avsddac_tb_test.vcd" {0 0 0};
    %vpi_call 2 36 "$dumpvars", 32'sb00000000000000000000000000000000, S_0x55f6c2adb500 {0 0 0};
    %delay 300000, 0;
    %vpi_call 2 41 "$finish" {0 0 0};
    %end;
    .thread T_5;
# The file index is used to find the file name in the following table.
:file_names 4;
    "N/A";
    "<interactive>";
    "avsddac_tb_test.v";
    "avsddac.v";
