#! /usr/bin/vvp
:ivl_version "10.3 (stable)";
:ivl_delay_selection "TYPICAL";
:vpi_time_precision - 12;
:vpi_module "system";
:vpi_module "vhdl_sys";
:vpi_module "v2005_math";
:vpi_module "va_math";
S_0x55ae0258ba30 .scope module, "avsdpll_tb" "avsdpll_tb" 2 2;
 .timescale -9 -12;
v0x55ae025a1d60_0 .net "CLK", 0 0, v0x55ae02568330_0;  1 drivers
v0x55ae025a1e20_0 .var "EN_VCO", 0 0;
v0x55ae025a1ef0_0 .var "REF", 0 0;
v0x55ae025a1ff0_0 .var "VCO_IN", 0 0;
v0x55ae025a20c0_0 .var "VDDA", 0 0;
v0x55ae025a2160_0 .var "VDDD", 0 0;
v0x55ae025a2230_0 .var "VSSA", 0 0;
v0x55ae025a2300_0 .var "VSSD", 0 0;
S_0x55ae0258bbb0 .scope module, "dut" "avsd_pll_1v8" 2 13, 3 2 0, S_0x55ae0258ba30;
 .timescale -9 -12;
    .port_info 0 /OUTPUT 1 "CLK"
    .port_info 1 /INPUT 1 "VCO_IN"
    .port_info 2 /INPUT 1 "VDDA"
    .port_info 3 /INPUT 1 "VDDD"
    .port_info 4 /INPUT 1 "VSSA"
    .port_info 5 /INPUT 1 "VSSD"
    .port_info 6 /INPUT 1 "EN_VCO"
    .port_info 7 /INPUT 1 "REF"
v0x55ae02568330_0 .var "CLK", 0 0;
v0x55ae025a14b0_0 .net "EN_VCO", 0 0, v0x55ae025a1e20_0;  1 drivers
v0x55ae025a1570_0 .net "REF", 0 0, v0x55ae025a1ef0_0;  1 drivers
v0x55ae025a1610_0 .net "VCO_IN", 0 0, v0x55ae025a1ff0_0;  1 drivers
v0x55ae025a16d0_0 .net "VDDA", 0 0, v0x55ae025a20c0_0;  1 drivers
v0x55ae025a17e0_0 .net "VDDD", 0 0, v0x55ae025a2160_0;  1 drivers
v0x55ae025a18a0_0 .net "VSSA", 0 0, v0x55ae025a2230_0;  1 drivers
v0x55ae025a1960_0 .net "VSSD", 0 0, v0x55ae025a2300_0;  1 drivers
v0x55ae025a1a20_0 .var/real "lastedge", 0 0;
v0x55ae025a1ae0_0 .var/real "period", 0 0;
v0x55ae025a1ba0_0 .var/real "refpd", 0 0;
E_0x55ae02588770 .event posedge, v0x55ae025a1570_0;
E_0x55ae02588990 .event posedge, v0x55ae025a14b0_0;
    .scope S_0x55ae0258bbb0;
T_0 ;
    %pushi/real 0, 4065; load=0.00000
    %store/real v0x55ae025a1a20_0;
    %pushi/real 1677721600, 4070; load=25.0000
    %store/real v0x55ae025a1ae0_0;
    %pushi/vec4 0, 0, 1;
    %store/vec4 v0x55ae02568330_0, 0, 1;
    %end;
    .thread T_0;
    .scope S_0x55ae0258bbb0;
T_1 ;
    %load/vec4 v0x55ae025a14b0_0;
    %flag_set/vec4 8;
    %jmp/0xz  T_1.0, 8;
    %load/real v0x55ae025a1ae0_0;
    %pushi/real 1073741824, 4067; load=2.00000
    %div/wr;
    %pushi/real 2097152000, 4075; load=1000.00
    %mul/wr;
    %cvt/vr 64;
    %muli 1, 0, 64;
    %ix/vec4 4;
    %delayx 4;
    %load/vec4 v0x55ae02568330_0;
    %inv;
    %store/vec4 v0x55ae02568330_0, 0, 1;
    %jmp T_1.1;
T_1.0 ;
    %pushi/vec4 0, 0, 1;
    %store/vec4 v0x55ae02568330_0, 0, 1;
    %wait E_0x55ae02588990;
T_1.1 ;
    %jmp T_1;
    .thread T_1;
    .scope S_0x55ae0258bbb0;
T_2 ;
    %wait E_0x55ae02588770;
    %pushi/real 0, 4065; load=0.00000
    %load/real v0x55ae025a1a20_0;
    %cmp/wr;
    %jmp/0xz  T_2.0, 5;
    %vpi_func/r 3 33 "$realtime" {0 0 0};
    %load/real v0x55ae025a1a20_0;
    %sub/wr;
    %store/real v0x55ae025a1ba0_0;
    %load/real v0x55ae025a1ba0_0;
    %pushi/real 1073741824, 4069; load=8.00000
    %div/wr;
    %store/real v0x55ae025a1ae0_0;
T_2.0 ;
    %vpi_func/r 3 36 "$realtime" {0 0 0};
    %store/real v0x55ae025a1a20_0;
    %jmp T_2;
    .thread T_2;
    .scope S_0x55ae0258ba30;
T_3 ;
    %pushi/vec4 0, 0, 1;
    %store/vec4 v0x55ae025a1ef0_0, 0, 1;
T_3.0 ;
    %delay 50000, 0;
    %load/vec4 v0x55ae025a1ef0_0;
    %inv;
    %store/vec4 v0x55ae025a1ef0_0, 0, 1;
    %jmp T_3.0;
    %end;
    .thread T_3;
    .scope S_0x55ae0258ba30;
T_4 ;
    %pushi/vec4 0, 0, 1;
    %store/vec4 v0x55ae025a1ff0_0, 0, 1;
T_4.0 ;
    %delay 41665, 0;
    %load/vec4 v0x55ae025a1ff0_0;
    %inv;
    %store/vec4 v0x55ae025a1ff0_0, 0, 1;
    %jmp T_4.0;
    %end;
    .thread T_4;
    .scope S_0x55ae0258ba30;
T_5 ;
    %pushi/vec4 1, 0, 1;
    %store/vec4 v0x55ae025a20c0_0, 0, 1;
    %pushi/vec4 1, 0, 1;
    %store/vec4 v0x55ae025a2160_0, 0, 1;
    %pushi/vec4 0, 0, 1;
    %store/vec4 v0x55ae025a2230_0, 0, 1;
    %pushi/vec4 0, 0, 1;
    %store/vec4 v0x55ae025a2300_0, 0, 1;
    %pushi/vec4 0, 0, 1;
    %store/vec4 v0x55ae025a1e20_0, 0, 1;
    %delay 100000, 0;
    %pushi/vec4 1, 0, 1;
    %store/vec4 v0x55ae025a1e20_0, 0, 1;
    %delay 2000000, 0;
    %pushi/vec4 0, 0, 1;
    %store/vec4 v0x55ae025a1e20_0, 0, 1;
    %delay 200000, 0;
    %pushi/vec4 1, 0, 1;
    %store/vec4 v0x55ae025a1e20_0, 0, 1;
    %delay 2000000, 0;
    %vpi_call 2 46 "$finish" {0 0 0};
    %end;
    .thread T_5;
    .scope S_0x55ae0258ba30;
T_6 ;
    %vpi_call 2 50 "$dumpfile", "avsdpll_tb_test.vcd" {0 0 0};
    %vpi_call 2 51 "$dumpvars", 32'sb00000000000000000000000000000000, S_0x55ae0258ba30 {0 0 0};
    %end;
    .thread T_6;
# The file index is used to find the file name in the following table.
:file_names 4;
    "N/A";
    "<interactive>";
    "avsdpll_test.v";
    "avsdpll.v";
